<?xml version="1.0" encoding="UTF-8"?>
<!-- Generated by org.testng.reporters.JUnitReportReporter -->
<testsuite skipped="0" hostname="swapnil-PC" name="tests.FirstDemo" tests="1" failures="0" timestamp="31 Oct 2019 06:42:45 GMT" time="0.015" errors="0">
  <testcase name="sum" time="0.015" classname="tests.FirstDemo"/>
</testsuite> <!-- tests.FirstDemo -->
